<?xml version="1.0" encoding="UTF-8"?>
<!-- Generated by org.testng.reporters.JUnitXMLReporter -->
<testsuite hostname="A4SITML27126" ignored="0" name="Default test" tests="2" failures="0" timestamp="28 Nov 2018 13:42:18 GMT" time="14.368" errors="0">
  <testcase name="registration" time="3.851" classname="mindtree.yorbit.mercury.testcases.RegistrationTest"/>
  <testcase name="registration" time="3.496" classname="mindtree.yorbit.mercury.testcases.RegistrationTest"/>
</testsuite> <!-- Default test -->
