<?xml version="1.0" encoding="UTF-8"?>
<!-- Generated by org.testng.reporters.JUnitXMLReporter -->
<testsuite hostname="A4SITML27126" ignored="0" name="Test" tests="5" failures="0" timestamp="16 Oct 2019 06:47:58 GMT" time="765.201" errors="0">
  <testcase name="login" time="117.331" classname="mindtree.yorbit.mercury.testcases.LoginTest"/>
  <testcase name="registration" time="165.791" classname="mindtree.yorbit.mercury.testcases.RegistrationTest"/>
  <testcase name="registration" time="103.187" classname="mindtree.yorbit.mercury.testcases.RegistrationTest"/>
  <testcase name="hyperLinks" time="82.798" classname="mindtree.yorbit.mercury.testcases.HeaderHyperlinkTest"/>
  <testcase name="roundTripBooking" time="134.798" classname="mindtree.yorbit.mercury.testcases.RoundTripBookingTest"/>
</testsuite> <!-- Test -->
